<!DOCTYPE html PUBLIC "-//W3C//DTD XHTML 1.1//EN" "http://www.w3.org/TR/xhtml11/DTD/xhtml11.dtd">
<html xmlns="http://www.w3.org/1999/xhtml"><head><title>TestNG Report</title><style type="text/css">table {margin-bottom:10px;border-collapse:collapse;empty-cells:show}th,td {border:1px solid #009;padding:.25em .5em}th {vertical-align:bottom}td {vertical-align:top}table a {font-weight:bold}.stripe td {background-color: #E6EBF9}.num {text-align:right}.passedodd td {background-color: #3F3}.passedeven td {background-color: #0A0}.skippedodd td {background-color: #DDD}.skippedeven td {background-color: #CCC}.failedodd td,.attn {background-color: #F33}.failedeven td,.stripe .attn {background-color: #D00}.stacktrace {white-space:pre;font-family:monospace}.totop {font-size:85%;text-align:center;border-bottom:2px solid #000}</style></head><body><table><tr><th>Test</th><th># Passed</th><th># Skipped</th><th># Failed</th><th>Time (ms)</th><th>Included Groups</th><th>Excluded Groups</th></tr><tr><th colspan="7">Suite</th></tr><tr><td><a href="#t0">TestDebug</a></td><td class="num">5</td><td class="num">0</td><td class="num attn">1</td><td class="num">42,892</td><td></td><td></td></tr></table><table><thead><tr><th>Class</th><th>Method</th><th>Start</th><th>Time (ms)</th></tr></thead><tbody><tr><th colspan="4">Suite</th></tr></tbody><tbody id="t0"><tr><th colspan="4">TestDebug &#8212; failed</th></tr><tr class="failedeven"><td rowspan="1">com.wd.web.tests.SubAccountManagementTest</td><td><a href="#m0">subAccountDisable</a></td><td rowspan="1">1482975920953</td><td rowspan="1">9207</td></tr><tr><th colspan="4">TestDebug &#8212; passed</th></tr><tr class="passedeven"><td rowspan="5">com.wd.web.tests.SubAccountManagementTest</td><td><a href="#m1">editSubaccountpasswardfail</a></td><td rowspan="1">1482975893867</td><td rowspan="1">12662</td></tr><tr class="passedeven"><td><a href="#m2">editSubaccountpasswardsucess</a></td><td rowspan="1">1482975906533</td><td rowspan="1">11406</td></tr><tr class="passedeven"><td><a href="#m3">subAccounEnaableCancel</a></td><td rowspan="1">1482975917942</td><td rowspan="1">3007</td></tr><tr class="passedeven"><td><a href="#m4">subAccountDisableCancel</a></td><td rowspan="1">1482975930715</td><td rowspan="1">3007</td></tr><tr class="passedeven"><td><a href="#m5">subAccountEnable</a></td><td rowspan="1">1482975933727</td><td rowspan="1">3006</td></tr></tbody></table><h2>TestDebug</h2><h3 id="m0">com.wd.web.tests.SubAccountManagementTest#subAccountDisable</h3><table class="result"><tr><th>Exception</th></tr><tr><td><div class="stacktrace">org.openqa.selenium.TimeoutException: Timed out after 5 seconds waiting for com.wd.libarary.BasePage$2@1cf8338b
Build info: version: &apos;2.53.1&apos;, revision: &apos;a36b8b1cd5757287168e54b817830adce9b0158d&apos;, time: &apos;2016-06-30 19:26:09&apos;
System info: host: &apos;localhost&apos;, ip: &apos;127.0.0.1&apos;, os.name: &apos;Mac OS X&apos;, os.arch: &apos;x86_64&apos;, os.version: &apos;10.12.1&apos;, java.version: &apos;1.7.0_71&apos;
Session ID: 0166b252af4f322db9faf6a1b2649a16
Driver info: org.openqa.selenium.chrome.ChromeDriver
Capabilities [{platform=MAC, acceptSslCerts=true, javascriptEnabled=true, browserName=chrome, chrome={userDataDir=/var/folders/1x/8cwz5rc521dgtng8zcnvgyh40000gn/T/.org.chromium.Chromium.NRjfr6, chromedriverVersion=2.25.426935 (820a95b0b81d33e42712f9198c215f703412e1a1)}, networkConnectionEnabled=false, rotatable=false, locationContextEnabled=true, mobileEmulationEnabled=false, version=55.0.2883.95, pageLoadStrategy=normal, takesHeapSnapshot=true, cssSelectorsEnabled=true, databaseEnabled=false, handlesAlerts=true, browserConnectionEnabled=false, webStorageEnabled=true, nativeEvents=true, hasTouchScreen=false, applicationCacheEnabled=false, takesScreenshot=true}]
	at org.openqa.selenium.support.ui.WebDriverWait.timeoutException(WebDriverWait.java:80)
	at org.openqa.selenium.support.ui.FluentWait.until(FluentWait.java:261)
	at com.wd.libarary.BasePage.findElement(BasePage.java:336)
	at com.wd.libarary.BasePage.click(BasePage.java:128)
	at com.wd.web.page.SubAccountManagePage.ClickDisable(SubAccountManagePage.java:113)
	at com.wd.web.tests.SubAccountManagementTest.subAccountDisable(SubAccountManagementTest.java:68)
Caused by: org.openqa.selenium.NoSuchElementException: no such element: Unable to locate element: {&quot;method&quot;:&quot;css selector&quot;,&quot;selector&quot;:&quot;span[onfirm=&apos;off&apos;]&quot;}
  (Session info: chrome=55.0.2883.95)
  (Driver info: chromedriver=2.25.426935 (820a95b0b81d33e42712f9198c215f703412e1a1),platform=Mac OS X 10.12.1 x86_64) (WARNING: The server did not provide any stacktrace information)
Command duration or timeout: 10 milliseconds
For documentation on this error, please visit: http://seleniumhq.org/exceptions/no_such_element.html
Build info: version: &apos;2.53.1&apos;, revision: &apos;a36b8b1cd5757287168e54b817830adce9b0158d&apos;, time: &apos;2016-06-30 19:26:09&apos;
System info: host: &apos;localhost&apos;, ip: &apos;127.0.0.1&apos;, os.name: &apos;Mac OS X&apos;, os.arch: &apos;x86_64&apos;, os.version: &apos;10.12.1&apos;, java.version: &apos;1.7.0_71&apos;
*** Element info: {Using=css selector, value=span[onfirm=&apos;off&apos;]}
Session ID: 0166b252af4f322db9faf6a1b2649a16
Driver info: org.openqa.selenium.chrome.ChromeDriver
Capabilities [{platform=MAC, acceptSslCerts=true, javascriptEnabled=true, browserName=chrome, chrome={userDataDir=/var/folders/1x/8cwz5rc521dgtng8zcnvgyh40000gn/T/.org.chromium.Chromium.NRjfr6, chromedriverVersion=2.25.426935 (820a95b0b81d33e42712f9198c215f703412e1a1)}, networkConnectionEnabled=false, rotatable=false, locationContextEnabled=true, mobileEmulationEnabled=false, version=55.0.2883.95, pageLoadStrategy=normal, takesHeapSnapshot=true, cssSelectorsEnabled=true, databaseEnabled=false, handlesAlerts=true, browserConnectionEnabled=false, webStorageEnabled=true, nativeEvents=true, hasTouchScreen=false, applicationCacheEnabled=false, takesScreenshot=true}]
	at org.openqa.selenium.remote.ErrorHandler.createThrowable(ErrorHandler.java:206)
	at org.openqa.selenium.remote.ErrorHandler.throwIfResponseFailed(ErrorHandler.java:158)
	at org.openqa.selenium.remote.RemoteWebDriver.execute(RemoteWebDriver.java:678)
	at org.openqa.selenium.remote.RemoteWebDriver.findElement(RemoteWebDriver.java:363)
	at org.openqa.selenium.remote.RemoteWebDriver.findElementByCssSelector(RemoteWebDriver.java:492)
	at org.openqa.selenium.By$ByCssSelector.findElement(By.java:430)
	at org.openqa.selenium.remote.RemoteWebDriver.findElement(RemoteWebDriver.java:355)
	at com.wd.libarary.BasePage.getElement(BasePage.java:261)
	at com.wd.libarary.BasePage$2.apply(BasePage.java:341)
	at com.wd.libarary.BasePage$2.apply(BasePage.java:1)
	at org.openqa.selenium.support.ui.FluentWait.until(FluentWait.java:238)
	... 28 more
... Removed 28 stack frames</div></td></tr></table><p class="totop"><a href="#summary">back to summary</a></p><h3 id="m1">com.wd.web.tests.SubAccountManagementTest#editSubaccountpasswardfail</h3><table class="result"></table><p class="totop"><a href="#summary">back to summary</a></p><h3 id="m2">com.wd.web.tests.SubAccountManagementTest#editSubaccountpasswardsucess</h3><table class="result"></table><p class="totop"><a href="#summary">back to summary</a></p><h3 id="m3">com.wd.web.tests.SubAccountManagementTest#subAccounEnaableCancel</h3><table class="result"></table><p class="totop"><a href="#summary">back to summary</a></p><h3 id="m4">com.wd.web.tests.SubAccountManagementTest#subAccountDisableCancel</h3><table class="result"></table><p class="totop"><a href="#summary">back to summary</a></p><h3 id="m5">com.wd.web.tests.SubAccountManagementTest#subAccountEnable</h3><table class="result"></table><p class="totop"><a href="#summary">back to summary</a></p></body></html>