<?xml version="1.0" encoding="UTF-8"?>
<testng-results skipped="0" failed="1" total="6" passed="5">
  <reporter-output>
  </reporter-output>
  <suite name="Suite" duration-ms="42892" started-at="2016-12-29T01:44:53Z" finished-at="2016-12-29T01:45:36Z">
    <groups>
    </groups>
    <test name="TestDebug" duration-ms="42892" started-at="2016-12-29T01:44:53Z" finished-at="2016-12-29T01:45:36Z">
      <class name="com.wd.libarary.Before">
        <test-method status="PASS" signature="beforeClass()[pri:0, instance:com.wd.libarary.Before@4709eb46]" name="beforeClass" is-config="true" duration-ms="8385" started-at="2016-12-29T09:44:45Z" finished-at="2016-12-29T09:44:53Z">
          <reporter-output>
          </reporter-output>
        </test-method> <!-- beforeClass -->
      </class> <!-- com.wd.libarary.Before -->
      <class name="com.wd.web.tests.SubAccountManagementTest">
        <test-method status="PASS" signature="editSubaccountpasswardfail()[pri:0, instance:com.wd.web.tests.SubAccountManagementTest@5c356519]" name="editSubaccountpasswardfail" duration-ms="12662" started-at="2016-12-29T09:44:53Z" finished-at="2016-12-29T09:45:06Z">
          <reporter-output>
          </reporter-output>
        </test-method> <!-- editSubaccountpasswardfail -->
        <test-method status="PASS" signature="editSubaccountpasswardsucess()[pri:0, instance:com.wd.web.tests.SubAccountManagementTest@5c356519]" name="editSubaccountpasswardsucess" duration-ms="11406" started-at="2016-12-29T09:45:06Z" finished-at="2016-12-29T09:45:17Z">
          <reporter-output>
          </reporter-output>
        </test-method> <!-- editSubaccountpasswardsucess -->
        <test-method status="PASS" signature="subAccounEnaableCancel()[pri:0, instance:com.wd.web.tests.SubAccountManagementTest@5c356519]" name="subAccounEnaableCancel" duration-ms="3007" started-at="2016-12-29T09:45:17Z" finished-at="2016-12-29T09:45:20Z">
          <reporter-output>
          </reporter-output>
        </test-method> <!-- subAccounEnaableCancel -->
        <test-method status="FAIL" signature="subAccountDisable()[pri:0, instance:com.wd.web.tests.SubAccountManagementTest@5c356519]" name="subAccountDisable" duration-ms="9207" started-at="2016-12-29T09:45:20Z" finished-at="2016-12-29T09:45:30Z">
          <exception class="org.openqa.selenium.TimeoutException">
            <message>
              <![CDATA[Timed out after 5 seconds waiting for com.wd.libarary.BasePage$2@1cf8338b
Build info: version: '2.53.1', revision: 'a36b8b1cd5757287168e54b817830adce9b0158d', time: '2016-06-30 19:26:09'
System info: host: 'localhost', ip: '127.0.0.1', os.name: 'Mac OS X', os.arch: 'x86_64', os.version: '10.12.1', java.version: '1.7.0_71'
Session ID: 0166b252af4f322db9faf6a1b2649a16
Driver info: org.openqa.selenium.chrome.ChromeDriver
Capabilities [{platform=MAC, acceptSslCerts=true, javascriptEnabled=true, browserName=chrome, chrome={userDataDir=/var/folders/1x/8cwz5rc521dgtng8zcnvgyh40000gn/T/.org.chromium.Chromium.NRjfr6, chromedriverVersion=2.25.426935 (820a95b0b81d33e42712f9198c215f703412e1a1)}, networkConnectionEnabled=false, rotatable=false, locationContextEnabled=true, mobileEmulationEnabled=false, version=55.0.2883.95, pageLoadStrategy=normal, takesHeapSnapshot=true, cssSelectorsEnabled=true, databaseEnabled=false, handlesAlerts=true, browserConnectionEnabled=false, webStorageEnabled=true, nativeEvents=true, hasTouchScreen=false, applicationCacheEnabled=false, takesScreenshot=true}]]]>
            </message>
            <full-stacktrace>
              <![CDATA[org.openqa.selenium.TimeoutException: Timed out after 5 seconds waiting for com.wd.libarary.BasePage$2@1cf8338b
Build info: version: '2.53.1', revision: 'a36b8b1cd5757287168e54b817830adce9b0158d', time: '2016-06-30 19:26:09'
System info: host: 'localhost', ip: '127.0.0.1', os.name: 'Mac OS X', os.arch: 'x86_64', os.version: '10.12.1', java.version: '1.7.0_71'
Session ID: 0166b252af4f322db9faf6a1b2649a16
Driver info: org.openqa.selenium.chrome.ChromeDriver
Capabilities [{platform=MAC, acceptSslCerts=true, javascriptEnabled=true, browserName=chrome, chrome={userDataDir=/var/folders/1x/8cwz5rc521dgtng8zcnvgyh40000gn/T/.org.chromium.Chromium.NRjfr6, chromedriverVersion=2.25.426935 (820a95b0b81d33e42712f9198c215f703412e1a1)}, networkConnectionEnabled=false, rotatable=false, locationContextEnabled=true, mobileEmulationEnabled=false, version=55.0.2883.95, pageLoadStrategy=normal, takesHeapSnapshot=true, cssSelectorsEnabled=true, databaseEnabled=false, handlesAlerts=true, browserConnectionEnabled=false, webStorageEnabled=true, nativeEvents=true, hasTouchScreen=false, applicationCacheEnabled=false, takesScreenshot=true}]
	at org.openqa.selenium.support.ui.WebDriverWait.timeoutException(WebDriverWait.java:80)
	at org.openqa.selenium.support.ui.FluentWait.until(FluentWait.java:261)
	at com.wd.libarary.BasePage.findElement(BasePage.java:336)
	at com.wd.libarary.BasePage.click(BasePage.java:128)
	at com.wd.web.page.SubAccountManagePage.ClickDisable(SubAccountManagePage.java:113)
	at com.wd.web.tests.SubAccountManagementTest.subAccountDisable(SubAccountManagementTest.java:68)
	at sun.reflect.NativeMethodAccessorImpl.invoke0(Native Method)
	at sun.reflect.NativeMethodAccessorImpl.invoke(NativeMethodAccessorImpl.java:57)
	at sun.reflect.DelegatingMethodAccessorImpl.invoke(DelegatingMethodAccessorImpl.java:43)
	at java.lang.reflect.Method.invoke(Method.java:606)
	at org.testng.internal.MethodInvocationHelper.invokeMethod(MethodInvocationHelper.java:86)
	at org.testng.internal.Invoker.invokeMethod(Invoker.java:643)
	at org.testng.internal.Invoker.invokeTestMethod(Invoker.java:820)
	at org.testng.internal.Invoker.invokeTestMethods(Invoker.java:1128)
	at org.testng.internal.TestMethodWorker.invokeTestMethods(TestMethodWorker.java:129)
	at org.testng.internal.TestMethodWorker.run(TestMethodWorker.java:112)
	at org.testng.TestRunner.privateRun(TestRunner.java:782)
	at org.testng.TestRunner.run(TestRunner.java:632)
	at org.testng.SuiteRunner.runTest(SuiteRunner.java:366)
	at org.testng.SuiteRunner.runSequentially(SuiteRunner.java:361)
	at org.testng.SuiteRunner.privateRun(SuiteRunner.java:319)
	at org.testng.SuiteRunner.run(SuiteRunner.java:268)
	at org.testng.SuiteRunnerWorker.runSuite(SuiteRunnerWorker.java:52)
	at org.testng.SuiteRunnerWorker.run(SuiteRunnerWorker.java:86)
	at org.testng.TestNG.runSuitesSequentially(TestNG.java:1244)
	at org.testng.TestNG.runSuitesLocally(TestNG.java:1169)
	at org.testng.TestNG.run(TestNG.java:1064)
	at org.testng.remote.AbstractRemoteTestNG.run(AbstractRemoteTestNG.java:132)
	at org.testng.remote.RemoteTestNG.initAndRun(RemoteTestNG.java:236)
	at org.testng.remote.RemoteTestNG.main(RemoteTestNG.java:81)
Caused by: org.openqa.selenium.NoSuchElementException: no such element: Unable to locate element: {"method":"css selector","selector":"span[onfirm='off']"}
  (Session info: chrome=55.0.2883.95)
  (Driver info: chromedriver=2.25.426935 (820a95b0b81d33e42712f9198c215f703412e1a1),platform=Mac OS X 10.12.1 x86_64) (WARNING: The server did not provide any stacktrace information)
Command duration or timeout: 10 milliseconds
For documentation on this error, please visit: http://seleniumhq.org/exceptions/no_such_element.html
Build info: version: '2.53.1', revision: 'a36b8b1cd5757287168e54b817830adce9b0158d', time: '2016-06-30 19:26:09'
System info: host: 'localhost', ip: '127.0.0.1', os.name: 'Mac OS X', os.arch: 'x86_64', os.version: '10.12.1', java.version: '1.7.0_71'
*** Element info: {Using=css selector, value=span[onfirm='off']}
Session ID: 0166b252af4f322db9faf6a1b2649a16
Driver info: org.openqa.selenium.chrome.ChromeDriver
Capabilities [{platform=MAC, acceptSslCerts=true, javascriptEnabled=true, browserName=chrome, chrome={userDataDir=/var/folders/1x/8cwz5rc521dgtng8zcnvgyh40000gn/T/.org.chromium.Chromium.NRjfr6, chromedriverVersion=2.25.426935 (820a95b0b81d33e42712f9198c215f703412e1a1)}, networkConnectionEnabled=false, rotatable=false, locationContextEnabled=true, mobileEmulationEnabled=false, version=55.0.2883.95, pageLoadStrategy=normal, takesHeapSnapshot=true, cssSelectorsEnabled=true, databaseEnabled=false, handlesAlerts=true, browserConnectionEnabled=false, webStorageEnabled=true, nativeEvents=true, hasTouchScreen=false, applicationCacheEnabled=false, takesScreenshot=true}]
	at sun.reflect.NativeConstructorAccessorImpl.newInstance0(Native Method)
	at sun.reflect.NativeConstructorAccessorImpl.newInstance(NativeConstructorAccessorImpl.java:57)
	at sun.reflect.DelegatingConstructorAccessorImpl.newInstance(DelegatingConstructorAccessorImpl.java:45)
	at java.lang.reflect.Constructor.newInstance(Constructor.java:526)
	at org.openqa.selenium.remote.ErrorHandler.createThrowable(ErrorHandler.java:206)
	at org.openqa.selenium.remote.ErrorHandler.throwIfResponseFailed(ErrorHandler.java:158)
	at org.openqa.selenium.remote.RemoteWebDriver.execute(RemoteWebDriver.java:678)
	at org.openqa.selenium.remote.RemoteWebDriver.findElement(RemoteWebDriver.java:363)
	at org.openqa.selenium.remote.RemoteWebDriver.findElementByCssSelector(RemoteWebDriver.java:492)
	at org.openqa.selenium.By$ByCssSelector.findElement(By.java:430)
	at org.openqa.selenium.remote.RemoteWebDriver.findElement(RemoteWebDriver.java:355)
	at com.wd.libarary.BasePage.getElement(BasePage.java:261)
	at com.wd.libarary.BasePage$2.apply(BasePage.java:341)
	at com.wd.libarary.BasePage$2.apply(BasePage.java:1)
	at org.openqa.selenium.support.ui.FluentWait.until(FluentWait.java:238)
	... 28 more
]]>
            </full-stacktrace>
          </exception> <!-- org.openqa.selenium.TimeoutException -->
          <reporter-output>
          </reporter-output>
        </test-method> <!-- subAccountDisable -->
        <test-method status="PASS" signature="subAccountDisableCancel()[pri:0, instance:com.wd.web.tests.SubAccountManagementTest@5c356519]" name="subAccountDisableCancel" duration-ms="3007" started-at="2016-12-29T09:45:30Z" finished-at="2016-12-29T09:45:33Z">
          <reporter-output>
          </reporter-output>
        </test-method> <!-- subAccountDisableCancel -->
        <test-method status="PASS" signature="subAccountEnable()[pri:0, instance:com.wd.web.tests.SubAccountManagementTest@5c356519]" name="subAccountEnable" duration-ms="3006" started-at="2016-12-29T09:45:33Z" finished-at="2016-12-29T09:45:36Z">
          <reporter-output>
          </reporter-output>
        </test-method> <!-- subAccountEnable -->
      </class> <!-- com.wd.web.tests.SubAccountManagementTest -->
    </test> <!-- TestDebug -->
  </suite> <!-- Suite -->
</testng-results>
